<?xml version="1.0" encoding="UTF-8"?>
<testsuite xmlns:xsi="http://www.w3.org/2001/XMLSchema-instance" xsi:noNamespaceSchemaLocation="https://maven.apache.org/surefire/maven-surefire-plugin/xsd/surefire-test-report.xsd" version="3.0.2" name="TestSuite" time="47.191" tests="6" errors="0" skipped="3" failures="2">
  <properties>
    <property name="gopherProxySet" value="false"/>
    <property name="awt.toolkit" value="sun.lwawt.macosx.LWCToolkit"/>
    <property name="java.specification.version" value="11"/>
    <property name="sun.cpu.isalist" value=""/>
    <property name="sun.jnu.encoding" value="UTF-8"/>
    <property name="java.class.path" value="/Users/govind.fating/Desktop/Udemy_Training/Appium_Rahil_shetty/AppiumFrameworkPractice/target/test-classes:/Users/govind.fating/Desktop/Udemy_Training/Appium_Rahil_shetty/AppiumFrameworkPractice/target/classes:/Users/govind.fating/.m2/repository/io/appium/java-client/9.3.0/java-client-9.3.0.jar:/Users/govind.fating/.m2/repository/org/seleniumhq/selenium/selenium-api/4.27.0/selenium-api-4.27.0.jar:/Users/govind.fating/.m2/repository/org/jspecify/jspecify/1.0.0/jspecify-1.0.0.jar:/Users/govind.fating/.m2/repository/org/seleniumhq/selenium/selenium-remote-driver/4.27.0/selenium-remote-driver-4.27.0.jar:/Users/govind.fating/.m2/repository/io/opentelemetry/semconv/opentelemetry-semconv/1.25.0-alpha/opentelemetry-semconv-1.25.0-alpha.jar:/Users/govind.fating/.m2/repository/io/opentelemetry/opentelemetry-api/1.44.1/opentelemetry-api-1.44.1.jar:/Users/govind.fating/.m2/repository/io/opentelemetry/opentelemetry-context/1.44.1/opentelemetry-context-1.44.1.jar:/Users/govind.fating/.m2/repository/io/opentelemetry/opentelemetry-exporter-logging/1.44.1/opentelemetry-exporter-logging-1.44.1.jar:/Users/govind.fating/.m2/repository/io/opentelemetry/opentelemetry-sdk-common/1.44.1/opentelemetry-sdk-common-1.44.1.jar:/Users/govind.fating/.m2/repository/io/opentelemetry/opentelemetry-sdk-extension-autoconfigure-spi/1.44.1/opentelemetry-sdk-extension-autoconfigure-spi-1.44.1.jar:/Users/govind.fating/.m2/repository/io/opentelemetry/opentelemetry-sdk-extension-autoconfigure/1.44.1/opentelemetry-sdk-extension-autoconfigure-1.44.1.jar:/Users/govind.fating/.m2/repository/io/opentelemetry/opentelemetry-api-incubator/1.44.1-alpha/opentelemetry-api-incubator-1.44.1-alpha.jar:/Users/govind.fating/.m2/repository/io/opentelemetry/opentelemetry-sdk-trace/1.44.1/opentelemetry-sdk-trace-1.44.1.jar:/Users/govind.fating/.m2/repository/io/opentelemetry/opentelemetry-sdk/1.44.1/opentelemetry-sdk-1.44.1.jar:/Users/govind.fating/.m2/repository/io/opentelemetry/opentelemetry-sdk-metrics/1.44.1/opentelemetry-sdk-metrics-1.44.1.jar:/Users/govind.fating/.m2/repository/io/opentelemetry/opentelemetry-sdk-logs/1.44.1/opentelemetry-sdk-logs-1.44.1.jar:/Users/govind.fating/.m2/repository/org/seleniumhq/selenium/selenium-http/4.27.0/selenium-http-4.27.0.jar:/Users/govind.fating/.m2/repository/dev/failsafe/failsafe/3.3.2/failsafe-3.3.2.jar:/Users/govind.fating/.m2/repository/org/seleniumhq/selenium/selenium-manager/4.27.0/selenium-manager-4.27.0.jar:/Users/govind.fating/.m2/repository/org/seleniumhq/selenium/selenium-os/4.27.0/selenium-os-4.27.0.jar:/Users/govind.fating/.m2/repository/org/apache/commons/commons-exec/1.4.0/commons-exec-1.4.0.jar:/Users/govind.fating/.m2/repository/com/google/code/gson/gson/2.11.0/gson-2.11.0.jar:/Users/govind.fating/.m2/repository/com/google/errorprone/error_prone_annotations/2.27.0/error_prone_annotations-2.27.0.jar:/Users/govind.fating/.m2/repository/org/testng/testng/7.4.0/testng-7.4.0.jar:/Users/govind.fating/.m2/repository/com/beust/jcommander/1.78/jcommander-1.78.jar:/Users/govind.fating/.m2/repository/org/webjars/jquery/3.5.1/jquery-3.5.1.jar:/Users/govind.fating/.m2/repository/org/slf4j/slf4j-api/1.7.36/slf4j-api-1.7.36.jar:/Users/govind.fating/.m2/repository/org/slf4j/slf4j-simple/1.7.36/slf4j-simple-1.7.36.jar:/Users/govind.fating/.m2/repository/org/seleniumhq/selenium/selenium-support/4.25.0/selenium-support-4.25.0.jar:/Users/govind.fating/.m2/repository/com/google/auto/service/auto-service-annotations/1.1.1/auto-service-annotations-1.1.1.jar:/Users/govind.fating/.m2/repository/com/google/guava/guava/33.3.0-jre/guava-33.3.0-jre.jar:/Users/govind.fating/.m2/repository/com/google/guava/failureaccess/1.0.2/failureaccess-1.0.2.jar:/Users/govind.fating/.m2/repository/com/google/guava/listenablefuture/9999.0-empty-to-avoid-conflict-with-guava/listenablefuture-9999.0-empty-to-avoid-conflict-with-guava.jar:/Users/govind.fating/.m2/repository/com/google/code/findbugs/jsr305/3.0.2/jsr305-3.0.2.jar:/Users/govind.fating/.m2/repository/org/checkerframework/checker-qual/3.43.0/checker-qual-3.43.0.jar:/Users/govind.fating/.m2/repository/com/google/j2objc/j2objc-annotations/3.0.0/j2objc-annotations-3.0.0.jar:/Users/govind.fating/.m2/repository/net/bytebuddy/byte-buddy/1.15.1/byte-buddy-1.15.1.jar:/Users/govind.fating/.m2/repository/org/seleniumhq/selenium/selenium-json/4.25.0/selenium-json-4.25.0.jar:/Users/govind.fating/.m2/repository/commons-io/commons-io/2.18.0/commons-io-2.18.0.jar:/Users/govind.fating/.m2/repository/com/fasterxml/jackson/core/jackson-databind/2.18.1/jackson-databind-2.18.1.jar:/Users/govind.fating/.m2/repository/com/fasterxml/jackson/core/jackson-annotations/2.18.1/jackson-annotations-2.18.1.jar:/Users/govind.fating/.m2/repository/com/fasterxml/jackson/core/jackson-core/2.18.1/jackson-core-2.18.1.jar:/Users/govind.fating/.m2/repository/com/aventstack/extentreports/5.1.2/extentreports-5.1.2.jar:/Users/govind.fating/.m2/repository/io/reactivex/rxjava3/rxjava/3.1.6/rxjava-3.1.6.jar:/Users/govind.fating/.m2/repository/org/reactivestreams/reactive-streams/1.0.4/reactive-streams-1.0.4.jar:/Users/govind.fating/.m2/repository/org/freemarker/freemarker/2.3.32/freemarker-2.3.32.jar:/Users/govind.fating/.m2/repository/org/projectlombok/lombok/1.18.26/lombok-1.18.26.jar:"/>
    <property name="java.vm.vendor" value="Oracle Corporation"/>
    <property name="sun.arch.data.model" value="64"/>
    <property name="java.vendor.url" value="https://openjdk.java.net/"/>
    <property name="user.timezone" value="Asia/Kolkata"/>
    <property name="java.vm.specification.version" value="11"/>
    <property name="os.name" value="Mac OS X"/>
    <property name="sun.java.launcher" value="SUN_STANDARD"/>
    <property name="user.country" value="IN"/>
    <property name="sun.boot.library.path" value="/Library/Java/JavaVirtualMachines/jdk-11.jdk/Contents/Home/lib"/>
    <property name="sun.java.command" value="/Users/govind.fating/Desktop/Udemy_Training/Appium_Rahil_shetty/AppiumFrameworkPractice/target/surefire/surefirebooter-20241128130220282_3.jar /Users/govind.fating/Desktop/Udemy_Training/Appium_Rahil_shetty/AppiumFrameworkPractice/target/surefire 2024-11-28T13-02-20_227-jvmRun1 surefire-20241128130220282_1tmp surefire_0-20241128130220282_2tmp"/>
    <property name="http.nonProxyHosts" value="local|*.local|169.254/16|*.169.254/16"/>
    <property name="jdk.debug" value="release"/>
    <property name="surefire.test.class.path" value="/Users/govind.fating/Desktop/Udemy_Training/Appium_Rahil_shetty/AppiumFrameworkPractice/target/test-classes:/Users/govind.fating/Desktop/Udemy_Training/Appium_Rahil_shetty/AppiumFrameworkPractice/target/classes:/Users/govind.fating/.m2/repository/io/appium/java-client/9.3.0/java-client-9.3.0.jar:/Users/govind.fating/.m2/repository/org/seleniumhq/selenium/selenium-api/4.27.0/selenium-api-4.27.0.jar:/Users/govind.fating/.m2/repository/org/jspecify/jspecify/1.0.0/jspecify-1.0.0.jar:/Users/govind.fating/.m2/repository/org/seleniumhq/selenium/selenium-remote-driver/4.27.0/selenium-remote-driver-4.27.0.jar:/Users/govind.fating/.m2/repository/io/opentelemetry/semconv/opentelemetry-semconv/1.25.0-alpha/opentelemetry-semconv-1.25.0-alpha.jar:/Users/govind.fating/.m2/repository/io/opentelemetry/opentelemetry-api/1.44.1/opentelemetry-api-1.44.1.jar:/Users/govind.fating/.m2/repository/io/opentelemetry/opentelemetry-context/1.44.1/opentelemetry-context-1.44.1.jar:/Users/govind.fating/.m2/repository/io/opentelemetry/opentelemetry-exporter-logging/1.44.1/opentelemetry-exporter-logging-1.44.1.jar:/Users/govind.fating/.m2/repository/io/opentelemetry/opentelemetry-sdk-common/1.44.1/opentelemetry-sdk-common-1.44.1.jar:/Users/govind.fating/.m2/repository/io/opentelemetry/opentelemetry-sdk-extension-autoconfigure-spi/1.44.1/opentelemetry-sdk-extension-autoconfigure-spi-1.44.1.jar:/Users/govind.fating/.m2/repository/io/opentelemetry/opentelemetry-sdk-extension-autoconfigure/1.44.1/opentelemetry-sdk-extension-autoconfigure-1.44.1.jar:/Users/govind.fating/.m2/repository/io/opentelemetry/opentelemetry-api-incubator/1.44.1-alpha/opentelemetry-api-incubator-1.44.1-alpha.jar:/Users/govind.fating/.m2/repository/io/opentelemetry/opentelemetry-sdk-trace/1.44.1/opentelemetry-sdk-trace-1.44.1.jar:/Users/govind.fating/.m2/repository/io/opentelemetry/opentelemetry-sdk/1.44.1/opentelemetry-sdk-1.44.1.jar:/Users/govind.fating/.m2/repository/io/opentelemetry/opentelemetry-sdk-metrics/1.44.1/opentelemetry-sdk-metrics-1.44.1.jar:/Users/govind.fating/.m2/repository/io/opentelemetry/opentelemetry-sdk-logs/1.44.1/opentelemetry-sdk-logs-1.44.1.jar:/Users/govind.fating/.m2/repository/org/seleniumhq/selenium/selenium-http/4.27.0/selenium-http-4.27.0.jar:/Users/govind.fating/.m2/repository/dev/failsafe/failsafe/3.3.2/failsafe-3.3.2.jar:/Users/govind.fating/.m2/repository/org/seleniumhq/selenium/selenium-manager/4.27.0/selenium-manager-4.27.0.jar:/Users/govind.fating/.m2/repository/org/seleniumhq/selenium/selenium-os/4.27.0/selenium-os-4.27.0.jar:/Users/govind.fating/.m2/repository/org/apache/commons/commons-exec/1.4.0/commons-exec-1.4.0.jar:/Users/govind.fating/.m2/repository/com/google/code/gson/gson/2.11.0/gson-2.11.0.jar:/Users/govind.fating/.m2/repository/com/google/errorprone/error_prone_annotations/2.27.0/error_prone_annotations-2.27.0.jar:/Users/govind.fating/.m2/repository/org/testng/testng/7.4.0/testng-7.4.0.jar:/Users/govind.fating/.m2/repository/com/beust/jcommander/1.78/jcommander-1.78.jar:/Users/govind.fating/.m2/repository/org/webjars/jquery/3.5.1/jquery-3.5.1.jar:/Users/govind.fating/.m2/repository/org/slf4j/slf4j-api/1.7.36/slf4j-api-1.7.36.jar:/Users/govind.fating/.m2/repository/org/slf4j/slf4j-simple/1.7.36/slf4j-simple-1.7.36.jar:/Users/govind.fating/.m2/repository/org/seleniumhq/selenium/selenium-support/4.25.0/selenium-support-4.25.0.jar:/Users/govind.fating/.m2/repository/com/google/auto/service/auto-service-annotations/1.1.1/auto-service-annotations-1.1.1.jar:/Users/govind.fating/.m2/repository/com/google/guava/guava/33.3.0-jre/guava-33.3.0-jre.jar:/Users/govind.fating/.m2/repository/com/google/guava/failureaccess/1.0.2/failureaccess-1.0.2.jar:/Users/govind.fating/.m2/repository/com/google/guava/listenablefuture/9999.0-empty-to-avoid-conflict-with-guava/listenablefuture-9999.0-empty-to-avoid-conflict-with-guava.jar:/Users/govind.fating/.m2/repository/com/google/code/findbugs/jsr305/3.0.2/jsr305-3.0.2.jar:/Users/govind.fating/.m2/repository/org/checkerframework/checker-qual/3.43.0/checker-qual-3.43.0.jar:/Users/govind.fating/.m2/repository/com/google/j2objc/j2objc-annotations/3.0.0/j2objc-annotations-3.0.0.jar:/Users/govind.fating/.m2/repository/net/bytebuddy/byte-buddy/1.15.1/byte-buddy-1.15.1.jar:/Users/govind.fating/.m2/repository/org/seleniumhq/selenium/selenium-json/4.25.0/selenium-json-4.25.0.jar:/Users/govind.fating/.m2/repository/commons-io/commons-io/2.18.0/commons-io-2.18.0.jar:/Users/govind.fating/.m2/repository/com/fasterxml/jackson/core/jackson-databind/2.18.1/jackson-databind-2.18.1.jar:/Users/govind.fating/.m2/repository/com/fasterxml/jackson/core/jackson-annotations/2.18.1/jackson-annotations-2.18.1.jar:/Users/govind.fating/.m2/repository/com/fasterxml/jackson/core/jackson-core/2.18.1/jackson-core-2.18.1.jar:/Users/govind.fating/.m2/repository/com/aventstack/extentreports/5.1.2/extentreports-5.1.2.jar:/Users/govind.fating/.m2/repository/io/reactivex/rxjava3/rxjava/3.1.6/rxjava-3.1.6.jar:/Users/govind.fating/.m2/repository/org/reactivestreams/reactive-streams/1.0.4/reactive-streams-1.0.4.jar:/Users/govind.fating/.m2/repository/org/freemarker/freemarker/2.3.32/freemarker-2.3.32.jar:/Users/govind.fating/.m2/repository/org/projectlombok/lombok/1.18.26/lombok-1.18.26.jar:"/>
    <property name="sun.cpu.endian" value="little"/>
    <property name="user.home" value="/Users/govind.fating"/>
    <property name="user.language" value="en"/>
    <property name="java.specification.vendor" value="Oracle Corporation"/>
    <property name="java.version.date" value="2023-10-17"/>
    <property name="java.home" value="/Library/Java/JavaVirtualMachines/jdk-11.jdk/Contents/Home"/>
    <property name="file.separator" value="/"/>
    <property name="basedir" value="/Users/govind.fating/Desktop/Udemy_Training/Appium_Rahil_shetty/AppiumFrameworkPractice"/>
    <property name="java.vm.compressedOopsMode" value="Zero based"/>
    <property name="line.separator" value="&#10;"/>
    <property name="java.specification.name" value="Java Platform API Specification"/>
    <property name="java.vm.specification.vendor" value="Oracle Corporation"/>
    <property name="java.awt.graphicsenv" value="sun.awt.CGraphicsEnvironment"/>
    <property name="surefire.real.class.path" value="/Users/govind.fating/Desktop/Udemy_Training/Appium_Rahil_shetty/AppiumFrameworkPractice/target/surefire/surefirebooter-20241128130220282_3.jar"/>
    <property name="sun.management.compiler" value="HotSpot 64-Bit Tiered Compilers"/>
    <property name="ftp.nonProxyHosts" value="local|*.local|169.254/16|*.169.254/16"/>
    <property name="java.runtime.version" value="11.0.21+9-LTS-193"/>
    <property name="user.name" value="govind.fating"/>
    <property name="path.separator" value=":"/>
    <property name="os.version" value="14.7.1"/>
    <property name="java.runtime.name" value="Java(TM) SE Runtime Environment"/>
    <property name="file.encoding" value="UTF-8"/>
    <property name="java.vm.name" value="Java HotSpot(TM) 64-Bit Server VM"/>
    <property name="java.vendor.version" value="18.9"/>
    <property name="localRepository" value="/Users/govind.fating/.m2/repository"/>
    <property name="java.vendor.url.bug" value="https://bugreport.java.com/bugreport/"/>
    <property name="java.io.tmpdir" value="/var/folders/ry/mc1r8vvn7zz8jx1t8cthqr4h0000gs/T/"/>
    <property name="java.version" value="11.0.21"/>
    <property name="user.dir" value="/Users/govind.fating/Desktop/Udemy_Training/Appium_Rahil_shetty/AppiumFrameworkPractice"/>
    <property name="os.arch" value="aarch64"/>
    <property name="java.vm.specification.name" value="Java Virtual Machine Specification"/>
    <property name="java.awt.printerjob" value="sun.lwawt.macosx.CPrinterJob"/>
    <property name="sun.os.patch.level" value="unknown"/>
    <property name="java.library.path" value="/Users/govind.fating/Library/Java/Extensions:/Library/Java/Extensions:/Network/Library/Java/Extensions:/System/Library/Java/Extensions:/usr/lib/java:."/>
    <property name="java.vendor" value="Oracle Corporation"/>
    <property name="java.vm.info" value="mixed mode"/>
    <property name="java.vm.version" value="11.0.21+9-LTS-193"/>
    <property name="java.specification.maintenance.version" value="2"/>
    <property name="sun.io.unicode.encoding" value="UnicodeBig"/>
    <property name="java.class.version" value="55.0"/>
    <property name="socksNonProxyHosts" value="local|*.local|169.254/16|*.169.254/16"/>
  </properties>
  <testcase name="fillFormTest[{name=Govind, country=Argentina, gender=male}](1)" classname="com.appium.ECommerceTest3_Hybrid" time="18.849"/>
  <testcase name="fillFormTest[{name=RAHUL, country=Argentina, gender=male}](2)" classname="com.appium.ECommerceTest3_Hybrid" time="20.32">
    <failure message="Can&apos;t locate an element by this strategy: By.chained({AppiumBy.id: com.androidsample.generalstore:id/nameField})" type="org.openqa.selenium.NoSuchElementException"><![CDATA[org.openqa.selenium.NoSuchElementException: Can't locate an element by this strategy: By.chained({AppiumBy.id: com.androidsample.generalstore:id/nameField})
	at io.appium.java_client.pagefactory.AppiumElementLocator.findElement(AppiumElementLocator.java:166)
	at io.appium.java_client.pagefactory.interceptors.InterceptorOfASingleElement.call(InterceptorOfASingleElement.java:75)
	at io.appium.java_client.proxy.Interceptor.intercept(Interceptor.java:78)
	at org.openqa.selenium.remote.RemoteWebElement$ByteBuddy$mpVcaX9l.sendKeys(Unknown Source)
	at com.appium.pageObjects.android.FormPage.setNameField(FormPage.java:46)
	at com.appium.ECommerceTest3_Hybrid.fillFormTest(ECommerceTest3_Hybrid.java:22)
	at java.base/jdk.internal.reflect.NativeMethodAccessorImpl.invoke0(Native Method)
	at java.base/jdk.internal.reflect.NativeMethodAccessorImpl.invoke(NativeMethodAccessorImpl.java:62)
	at java.base/jdk.internal.reflect.DelegatingMethodAccessorImpl.invoke(DelegatingMethodAccessorImpl.java:43)
	at java.base/java.lang.reflect.Method.invoke(Method.java:566)
	at org.testng.internal.MethodInvocationHelper.invokeMethod(MethodInvocationHelper.java:133)
	at org.testng.internal.TestInvoker.invokeMethod(TestInvoker.java:598)
	at org.testng.internal.TestInvoker.invokeTestMethod(TestInvoker.java:173)
	at org.testng.internal.MethodRunner.runInSequence(MethodRunner.java:46)
	at org.testng.internal.TestInvoker$MethodInvocationAgent.invoke(TestInvoker.java:824)
	at org.testng.internal.TestInvoker.invokeTestMethods(TestInvoker.java:146)
	at org.testng.internal.TestMethodWorker.invokeTestMethods(TestMethodWorker.java:146)
	at org.testng.internal.TestMethodWorker.run(TestMethodWorker.java:128)
	at java.base/java.util.ArrayList.forEach(ArrayList.java:1541)
	at org.testng.TestRunner.privateRun(TestRunner.java:794)
	at org.testng.TestRunner.run(TestRunner.java:596)
	at org.testng.SuiteRunner.runTest(SuiteRunner.java:377)
	at org.testng.SuiteRunner.runSequentially(SuiteRunner.java:371)
	at org.testng.SuiteRunner.privateRun(SuiteRunner.java:332)
	at org.testng.SuiteRunner.run(SuiteRunner.java:276)
	at org.testng.SuiteRunnerWorker.runSuite(SuiteRunnerWorker.java:53)
	at org.testng.SuiteRunnerWorker.run(SuiteRunnerWorker.java:96)
	at org.testng.TestNG.runSuitesSequentially(TestNG.java:1212)
	at org.testng.TestNG.runSuitesLocally(TestNG.java:1134)
	at org.testng.TestNG.runSuites(TestNG.java:1063)
	at org.testng.TestNG.run(TestNG.java:1031)
	at org.apache.maven.surefire.testng.TestNGExecutor.run(TestNGExecutor.java:308)
	at org.apache.maven.surefire.testng.TestNGXmlTestSuite.execute(TestNGXmlTestSuite.java:71)
	at org.apache.maven.surefire.testng.TestNGProvider.invoke(TestNGProvider.java:113)
	at org.apache.maven.surefire.booter.ForkedBooter.runSuitesInProcess(ForkedBooter.java:385)
	at org.apache.maven.surefire.booter.ForkedBooter.execute(ForkedBooter.java:162)
	at org.apache.maven.surefire.booter.ForkedBooter.run(ForkedBooter.java:507)
	at org.apache.maven.surefire.booter.ForkedBooter.main(ForkedBooter.java:495)
Caused by: org.openqa.selenium.TimeoutException: Expected condition failed: waiting for io.appium.java_client.pagefactory.AppiumElementLocator$WaitingFunction@3134153d (tried for 1 second(s) with 500 milliseconds interval)
	at org.openqa.selenium.support.ui.FluentWait.timeoutException(FluentWait.java:265)
	at org.openqa.selenium.support.ui.FluentWait.until(FluentWait.java:228)
	at io.appium.java_client.pagefactory.AppiumElementLocator.waitFor(AppiumElementLocator.java:135)
	at io.appium.java_client.pagefactory.AppiumElementLocator.findElement(AppiumElementLocator.java:160)
	... 37 more
Caused by: org.openqa.selenium.NoSuchElementException: Cannot locate an element using By.chained({AppiumBy.id: com.androidsample.generalstore:id/nameField})
For documentation on this error, please visit: https://www.selenium.dev/documentation/webdriver/troubleshooting/errors#no-such-element-exception
Build info: version: '4.27.0', revision: 'd6e718d134'
System info: os.name: 'Mac OS X', os.arch: 'aarch64', os.version: '14.7.1', java.version: '11.0.21'
Driver info: driver.version: RemoteWebDriver
	at io.appium.java_client.pagefactory.bys.builder.ByChained.findElement(ByChained.java:74)
	at org.openqa.selenium.remote.ElementLocation$ElementFinder$1.findElement(ElementLocation.java:139)
	at org.openqa.selenium.remote.ElementLocation.findElement(ElementLocation.java:59)
	at org.openqa.selenium.remote.RemoteWebDriver.findElement(RemoteWebDriver.java:368)
	at org.openqa.selenium.remote.RemoteWebDriver.findElement(RemoteWebDriver.java:362)
	at io.appium.java_client.pagefactory.bys.ContentMappedBy.findElement(ContentMappedBy.java:54)
	at org.openqa.selenium.remote.ElementLocation$ElementFinder$1.findElement(ElementLocation.java:139)
	at org.openqa.selenium.remote.ElementLocation.findElement(ElementLocation.java:59)
	at org.openqa.selenium.remote.RemoteWebDriver.findElement(RemoteWebDriver.java:368)
	at org.openqa.selenium.remote.RemoteWebDriver.findElement(RemoteWebDriver.java:362)
	at io.appium.java_client.pagefactory.AppiumElementLocator.lambda$findElement$1(AppiumElementLocator.java:160)
	at io.appium.java_client.pagefactory.AppiumElementLocator$WaitingFunction.apply(AppiumElementLocator.java:217)
	at io.appium.java_client.pagefactory.AppiumElementLocator$WaitingFunction.apply(AppiumElementLocator.java:210)
	at org.openqa.selenium.support.ui.FluentWait.until(FluentWait.java:203)
	... 39 more
]]></failure>
  </testcase>
  <testcase name="preSetup" classname="com.appium.ECommerceTest1" time="23.917">
    <failure message="An unknown server-side error occurred while processing the command. Original error: Error executing adbExec. Original error: &apos;Command &apos;/Users/govind.fating/Library/Android/sdk/platform-tools/adb -P 5037 -s emulator-5554 shell am start-activity com.androidsample.generalstore/com.androidsample.generalstore.MainActivity&apos; exited with code 255&apos;; Command output: &#10;Exception occurred while executing &apos;start-activity&apos;:&#10;java.lang.SecurityException: Permission Denial: starting Intent { act=android.intent.action.MAIN cat=[android.intent.category.LAUNCHER] flg=0x10000000 cmp=com.androidsample.generalstore/.MainActivity } from null (pid=24031, uid=2000) not exported from uid 10215&#10;	at com.android.server.wm.ActivityTaskSupervisor.checkStartAnyActivityPermission(ActivityTaskSupervisor.java:1170)&#10;	at com.android.server.wm.ActivityStarter.executeRequest(ActivityStarter.java:1118)&#10;	at com.android.server.wm.ActivityStarter.execute(ActivityStarter.java:782)&#10;	at com.android.server.wm.ActivityTaskManagerService.startActivityAsUser(ActivityTaskManagerService.java:1312)&#10;	at com.android.server.wm.ActivityTaskManagerService.startActivityAsUser(ActivityTaskManagerService.java:1257)&#10;	at com.android.server.am.ActivityManagerService.startActivityAsUserWithFeature(ActivityManagerService.java:3339)&#10;	at com.android.server.am.ActivityManagerShellCommand.runStartActivity(ActivityManagerShellCommand.java:800)&#10;	at com.android.server.am.ActivityManagerShellCommand.onCommand(ActivityManagerShellCommand.java:246)&#10;	at com.android.modules.utils.BasicShellCommandHandler.exec(BasicShellCommandHandler.java:97)&#10;	at android.os.ShellCommand.exec(ShellCommand.java:38)&#10;	at com.android.server.am.ActivityManagerService.onShellCommand(ActivityManagerService.java:10471)&#10;	at android.os.Binder.shellCommand(Binder.java:1230)&#10;	at android.os.Binder.onTransact(Binder.java:1043)&#10;	at android.app.IActivityManager$Stub.onTransact(IActivityManager.java:5675)&#10;	at com.android.server.am.ActivityManagerService.onTransact(ActivityManagerService.java:2812)&#10;	at android.os.Binder.execTransactInternal(Binder.java:1505)&#10;	at android.os.Binder.execTransact(Binder.java:1444)&#10;&#10;Build info: version: &apos;4.27.0&apos;, revision: &apos;d6e718d134&apos;&#10;System info: os.name: &apos;Mac OS X&apos;, os.arch: &apos;aarch64&apos;, os.version: &apos;14.7.1&apos;, java.version: &apos;11.0.21&apos;&#10;Driver info: io.appium.java_client.android.AndroidDriver&#10;Command: [98efd1a7-d966-401f-b90e-2a4a0f888050, executeScript {script=mobile: startActivity, args=[{intent=com.androidsample.generalstore/com.androidsample.generalstore.MainActivity}]}]&#10;Capabilities {appium:app: /Users/govind.fating/Deskto..., appium:appPackage: com.androidsample.generalstore, appium:automationName: UIAutomator2, appium:chromedriverExecutable: //Users//govind.fating//Dow..., appium:databaseEnabled: false, appium:desired: {app: /Users/govind.fating/Deskto..., automationName: UIAutomator2, chromedriverExecutable: //Users//govind.fating//Dow..., deviceName: GovindPixel_9, platformName: ANDROID}, appium:deviceApiLevel: 35, appium:deviceManufacturer: Google, appium:deviceModel: sdk_gphone64_arm64, appium:deviceName: emulator-5554, appium:deviceScreenDensity: 420, appium:deviceScreenSize: 1080x2424, appium:deviceUDID: emulator-5554, appium:javascriptEnabled: true, appium:locationContextEnabled: false, appium:networkConnectionEnabled: true, appium:pixelRatio: 2.625, appium:platformVersion: 15, appium:statBarHeight: 137, appium:takesScreenshot: true, appium:viewportRect: {height: 2287, left: 0, top: 137, width: 1080}, appium:warnings: {}, appium:webStorageEnabled: false, platformName: ANDROID}&#10;Session ID: 98efd1a7-d966-401f-b90e-2a4a0f888050" type="org.openqa.selenium.WebDriverException"><![CDATA[org.openqa.selenium.WebDriverException: 
An unknown server-side error occurred while processing the command. Original error: Error executing adbExec. Original error: 'Command '/Users/govind.fating/Library/Android/sdk/platform-tools/adb -P 5037 -s emulator-5554 shell am start-activity com.androidsample.generalstore/com.androidsample.generalstore.MainActivity' exited with code 255'; Command output: 
Exception occurred while executing 'start-activity':
java.lang.SecurityException: Permission Denial: starting Intent { act=android.intent.action.MAIN cat=[android.intent.category.LAUNCHER] flg=0x10000000 cmp=com.androidsample.generalstore/.MainActivity } from null (pid=24031, uid=2000) not exported from uid 10215
	at com.android.server.wm.ActivityTaskSupervisor.checkStartAnyActivityPermission(ActivityTaskSupervisor.java:1170)
	at com.android.server.wm.ActivityStarter.executeRequest(ActivityStarter.java:1118)
	at com.android.server.wm.ActivityStarter.execute(ActivityStarter.java:782)
	at com.android.server.wm.ActivityTaskManagerService.startActivityAsUser(ActivityTaskManagerService.java:1312)
	at com.android.server.wm.ActivityTaskManagerService.startActivityAsUser(ActivityTaskManagerService.java:1257)
	at com.android.server.am.ActivityManagerService.startActivityAsUserWithFeature(ActivityManagerService.java:3339)
	at com.android.server.am.ActivityManagerShellCommand.runStartActivity(ActivityManagerShellCommand.java:800)
	at com.android.server.am.ActivityManagerShellCommand.onCommand(ActivityManagerShellCommand.java:246)
	at com.android.modules.utils.BasicShellCommandHandler.exec(BasicShellCommandHandler.java:97)
	at android.os.ShellCommand.exec(ShellCommand.java:38)
	at com.android.server.am.ActivityManagerService.onShellCommand(ActivityManagerService.java:10471)
	at android.os.Binder.shellCommand(Binder.java:1230)
	at android.os.Binder.onTransact(Binder.java:1043)
	at android.app.IActivityManager$Stub.onTransact(IActivityManager.java:5675)
	at com.android.server.am.ActivityManagerService.onTransact(ActivityManagerService.java:2812)
	at android.os.Binder.execTransactInternal(Binder.java:1505)
	at android.os.Binder.execTransact(Binder.java:1444)

Build info: version: '4.27.0', revision: 'd6e718d134'
System info: os.name: 'Mac OS X', os.arch: 'aarch64', os.version: '14.7.1', java.version: '11.0.21'
Driver info: io.appium.java_client.android.AndroidDriver
Command: [98efd1a7-d966-401f-b90e-2a4a0f888050, executeScript {script=mobile: startActivity, args=[{intent=com.androidsample.generalstore/com.androidsample.generalstore.MainActivity}]}]
Capabilities {appium:app: /Users/govind.fating/Deskto..., appium:appPackage: com.androidsample.generalstore, appium:automationName: UIAutomator2, appium:chromedriverExecutable: //Users//govind.fating//Dow..., appium:databaseEnabled: false, appium:desired: {app: /Users/govind.fating/Deskto..., automationName: UIAutomator2, chromedriverExecutable: //Users//govind.fating//Dow..., deviceName: GovindPixel_9, platformName: ANDROID}, appium:deviceApiLevel: 35, appium:deviceManufacturer: Google, appium:deviceModel: sdk_gphone64_arm64, appium:deviceName: emulator-5554, appium:deviceScreenDensity: 420, appium:deviceScreenSize: 1080x2424, appium:deviceUDID: emulator-5554, appium:javascriptEnabled: true, appium:locationContextEnabled: false, appium:networkConnectionEnabled: true, appium:pixelRatio: 2.625, appium:platformVersion: 15, appium:statBarHeight: 137, appium:takesScreenshot: true, appium:viewportRect: {height: 2287, left: 0, top: 137, width: 1080}, appium:warnings: {}, appium:webStorageEnabled: false, platformName: ANDROID}
Session ID: 98efd1a7-d966-401f-b90e-2a4a0f888050
	at java.base/jdk.internal.reflect.NativeConstructorAccessorImpl.newInstance0(Native Method)
	at java.base/jdk.internal.reflect.NativeConstructorAccessorImpl.newInstance(NativeConstructorAccessorImpl.java:62)
	at java.base/jdk.internal.reflect.DelegatingConstructorAccessorImpl.newInstance(DelegatingConstructorAccessorImpl.java:45)
	at java.base/java.lang.reflect.Constructor.newInstance(Constructor.java:490)
	at org.openqa.selenium.remote.ErrorCodec.decode(ErrorCodec.java:167)
	at org.openqa.selenium.remote.codec.w3c.W3CHttpResponseCodec.decode(W3CHttpResponseCodec.java:138)
	at org.openqa.selenium.remote.codec.w3c.W3CHttpResponseCodec.decode(W3CHttpResponseCodec.java:50)
	at org.openqa.selenium.remote.HttpCommandExecutor.execute(HttpCommandExecutor.java:190)
	at io.appium.java_client.remote.AppiumCommandExecutor.execute(AppiumCommandExecutor.java:237)
	at org.openqa.selenium.remote.RemoteWebDriver.execute(RemoteWebDriver.java:545)
	at org.openqa.selenium.remote.RemoteWebDriver.executeScript(RemoteWebDriver.java:476)
	at com.appium.ECommerceTest1.preSetup(ECommerceTest1.java:29)
	at java.base/jdk.internal.reflect.NativeMethodAccessorImpl.invoke0(Native Method)
	at java.base/jdk.internal.reflect.NativeMethodAccessorImpl.invoke(NativeMethodAccessorImpl.java:62)
	at java.base/jdk.internal.reflect.DelegatingMethodAccessorImpl.invoke(DelegatingMethodAccessorImpl.java:43)
	at java.base/java.lang.reflect.Method.invoke(Method.java:566)
	at org.testng.internal.MethodInvocationHelper.invokeMethod(MethodInvocationHelper.java:133)
	at org.testng.internal.MethodInvocationHelper.invokeMethodConsideringTimeout(MethodInvocationHelper.java:62)
	at org.testng.internal.ConfigInvoker.invokeConfigurationMethod(ConfigInvoker.java:385)
	at org.testng.internal.ConfigInvoker.invokeConfigurations(ConfigInvoker.java:321)
	at org.testng.internal.TestInvoker.runConfigMethods(TestInvoker.java:700)
	at org.testng.internal.TestInvoker.invokeMethod(TestInvoker.java:527)
	at org.testng.internal.TestInvoker.invokeTestMethod(TestInvoker.java:173)
	at org.testng.internal.MethodRunner.runInSequence(MethodRunner.java:46)
	at org.testng.internal.TestInvoker$MethodInvocationAgent.invoke(TestInvoker.java:824)
	at org.testng.internal.TestInvoker.invokeTestMethods(TestInvoker.java:146)
	at org.testng.internal.TestMethodWorker.invokeTestMethods(TestMethodWorker.java:146)
	at org.testng.internal.TestMethodWorker.run(TestMethodWorker.java:128)
	at java.base/java.util.ArrayList.forEach(ArrayList.java:1541)
	at org.testng.TestRunner.privateRun(TestRunner.java:794)
	at org.testng.TestRunner.run(TestRunner.java:596)
	at org.testng.SuiteRunner.runTest(SuiteRunner.java:377)
	at org.testng.SuiteRunner.runSequentially(SuiteRunner.java:371)
	at org.testng.SuiteRunner.privateRun(SuiteRunner.java:332)
	at org.testng.SuiteRunner.run(SuiteRunner.java:276)
	at org.testng.SuiteRunnerWorker.runSuite(SuiteRunnerWorker.java:53)
	at org.testng.SuiteRunnerWorker.run(SuiteRunnerWorker.java:96)
	at org.testng.TestNG.runSuitesSequentially(TestNG.java:1212)
	at org.testng.TestNG.runSuitesLocally(TestNG.java:1134)
	at org.testng.TestNG.runSuites(TestNG.java:1063)
	at org.testng.TestNG.run(TestNG.java:1031)
	at org.apache.maven.surefire.testng.TestNGExecutor.run(TestNGExecutor.java:308)
	at org.apache.maven.surefire.testng.TestNGXmlTestSuite.execute(TestNGXmlTestSuite.java:71)
	at org.apache.maven.surefire.testng.TestNGProvider.invoke(TestNGProvider.java:113)
	at org.apache.maven.surefire.booter.ForkedBooter.runSuitesInProcess(ForkedBooter.java:385)
	at org.apache.maven.surefire.booter.ForkedBooter.execute(ForkedBooter.java:162)
	at org.apache.maven.surefire.booter.ForkedBooter.run(ForkedBooter.java:507)
	at org.apache.maven.surefire.booter.ForkedBooter.main(ForkedBooter.java:495)
]]></failure>
  </testcase>
  <testcase name="preSetup" classname="com.appium.ECommerceTest1" time="0.0">
    <skipped/>
  </testcase>
  <testcase name="filledForm_errorValidation" classname="com.appium.ECommerceTest1" time="0.0">
    <skipped message="An unknown server-side error occurred while processing the command. Original error: Error executing adbExec. Original error: &apos;Command &apos;/Users/govind.fating/Library/Android/sdk/platform-tools/adb -P 5037 -s emulator-5554 shell am start-activity com.androidsample.generalstore/com.androidsample.generalstore.MainActivity&apos; exited with code 255&apos;; Command output: &#10;Exception occurred while executing &apos;start-activity&apos;:&#10;java.lang.SecurityException: Permission Denial: starting Intent { act=android.intent.action.MAIN cat=[android.intent.category.LAUNCHER] flg=0x10000000 cmp=com.androidsample.generalstore/.MainActivity } from null (pid=24031, uid=2000) not exported from uid 10215&#10;	at com.android.server.wm.ActivityTaskSupervisor.checkStartAnyActivityPermission(ActivityTaskSupervisor.java:1170)&#10;	at com.android.server.wm.ActivityStarter.executeRequest(ActivityStarter.java:1118)&#10;	at com.android.server.wm.ActivityStarter.execute(ActivityStarter.java:782)&#10;	at com.android.server.wm.ActivityTaskManagerService.startActivityAsUser(ActivityTaskManagerService.java:1312)&#10;	at com.android.server.wm.ActivityTaskManagerService.startActivityAsUser(ActivityTaskManagerService.java:1257)&#10;	at com.android.server.am.ActivityManagerService.startActivityAsUserWithFeature(ActivityManagerService.java:3339)&#10;	at com.android.server.am.ActivityManagerShellCommand.runStartActivity(ActivityManagerShellCommand.java:800)&#10;	at com.android.server.am.ActivityManagerShellCommand.onCommand(ActivityManagerShellCommand.java:246)&#10;	at com.android.modules.utils.BasicShellCommandHandler.exec(BasicShellCommandHandler.java:97)&#10;	at android.os.ShellCommand.exec(ShellCommand.java:38)&#10;	at com.android.server.am.ActivityManagerService.onShellCommand(ActivityManagerService.java:10471)&#10;	at android.os.Binder.shellCommand(Binder.java:1230)&#10;	at android.os.Binder.onTransact(Binder.java:1043)&#10;	at android.app.IActivityManager$Stub.onTransact(IActivityManager.java:5675)&#10;	at com.android.server.am.ActivityManagerService.onTransact(ActivityManagerService.java:2812)&#10;	at android.os.Binder.execTransactInternal(Binder.java:1505)&#10;	at android.os.Binder.execTransact(Binder.java:1444)&#10;&#10;Build info: version: &apos;4.27.0&apos;, revision: &apos;d6e718d134&apos;&#10;System info: os.name: &apos;Mac OS X&apos;, os.arch: &apos;aarch64&apos;, os.version: &apos;14.7.1&apos;, java.version: &apos;11.0.21&apos;&#10;Driver info: io.appium.java_client.android.AndroidDriver&#10;Command: [98efd1a7-d966-401f-b90e-2a4a0f888050, executeScript {script=mobile: startActivity, args=[{intent=com.androidsample.generalstore/com.androidsample.generalstore.MainActivity}]}]&#10;Capabilities {appium:app: /Users/govind.fating/Deskto..., appium:appPackage: com.androidsample.generalstore, appium:automationName: UIAutomator2, appium:chromedriverExecutable: //Users//govind.fating//Dow..., appium:databaseEnabled: false, appium:desired: {app: /Users/govind.fating/Deskto..., automationName: UIAutomator2, chromedriverExecutable: //Users//govind.fating//Dow..., deviceName: GovindPixel_9, platformName: ANDROID}, appium:deviceApiLevel: 35, appium:deviceManufacturer: Google, appium:deviceModel: sdk_gphone64_arm64, appium:deviceName: emulator-5554, appium:deviceScreenDensity: 420, appium:deviceScreenSize: 1080x2424, appium:deviceUDID: emulator-5554, appium:javascriptEnabled: true, appium:locationContextEnabled: false, appium:networkConnectionEnabled: true, appium:pixelRatio: 2.625, appium:platformVersion: 15, appium:statBarHeight: 137, appium:takesScreenshot: true, appium:viewportRect: {height: 2287, left: 0, top: 137, width: 1080}, appium:warnings: {}, appium:webStorageEnabled: false, platformName: ANDROID}&#10;Session ID: 98efd1a7-d966-401f-b90e-2a4a0f888050"/>
  </testcase>
  <testcase name="filledForm_positiveFlow" classname="com.appium.ECommerceTest1" time="0.0">
    <skipped message="An unknown server-side error occurred while processing the command. Original error: Error executing adbExec. Original error: &apos;Command &apos;/Users/govind.fating/Library/Android/sdk/platform-tools/adb -P 5037 -s emulator-5554 shell am start-activity com.androidsample.generalstore/com.androidsample.generalstore.MainActivity&apos; exited with code 255&apos;; Command output: &#10;Exception occurred while executing &apos;start-activity&apos;:&#10;java.lang.SecurityException: Permission Denial: starting Intent { act=android.intent.action.MAIN cat=[android.intent.category.LAUNCHER] flg=0x10000000 cmp=com.androidsample.generalstore/.MainActivity } from null (pid=24031, uid=2000) not exported from uid 10215&#10;	at com.android.server.wm.ActivityTaskSupervisor.checkStartAnyActivityPermission(ActivityTaskSupervisor.java:1170)&#10;	at com.android.server.wm.ActivityStarter.executeRequest(ActivityStarter.java:1118)&#10;	at com.android.server.wm.ActivityStarter.execute(ActivityStarter.java:782)&#10;	at com.android.server.wm.ActivityTaskManagerService.startActivityAsUser(ActivityTaskManagerService.java:1312)&#10;	at com.android.server.wm.ActivityTaskManagerService.startActivityAsUser(ActivityTaskManagerService.java:1257)&#10;	at com.android.server.am.ActivityManagerService.startActivityAsUserWithFeature(ActivityManagerService.java:3339)&#10;	at com.android.server.am.ActivityManagerShellCommand.runStartActivity(ActivityManagerShellCommand.java:800)&#10;	at com.android.server.am.ActivityManagerShellCommand.onCommand(ActivityManagerShellCommand.java:246)&#10;	at com.android.modules.utils.BasicShellCommandHandler.exec(BasicShellCommandHandler.java:97)&#10;	at android.os.ShellCommand.exec(ShellCommand.java:38)&#10;	at com.android.server.am.ActivityManagerService.onShellCommand(ActivityManagerService.java:10471)&#10;	at android.os.Binder.shellCommand(Binder.java:1230)&#10;	at android.os.Binder.onTransact(Binder.java:1043)&#10;	at android.app.IActivityManager$Stub.onTransact(IActivityManager.java:5675)&#10;	at com.android.server.am.ActivityManagerService.onTransact(ActivityManagerService.java:2812)&#10;	at android.os.Binder.execTransactInternal(Binder.java:1505)&#10;	at android.os.Binder.execTransact(Binder.java:1444)&#10;&#10;Build info: version: &apos;4.27.0&apos;, revision: &apos;d6e718d134&apos;&#10;System info: os.name: &apos;Mac OS X&apos;, os.arch: &apos;aarch64&apos;, os.version: &apos;14.7.1&apos;, java.version: &apos;11.0.21&apos;&#10;Driver info: io.appium.java_client.android.AndroidDriver&#10;Command: [98efd1a7-d966-401f-b90e-2a4a0f888050, executeScript {script=mobile: startActivity, args=[{intent=com.androidsample.generalstore/com.androidsample.generalstore.MainActivity}]}]&#10;Capabilities {appium:app: /Users/govind.fating/Deskto..., appium:appPackage: com.androidsample.generalstore, appium:automationName: UIAutomator2, appium:chromedriverExecutable: //Users//govind.fating//Dow..., appium:databaseEnabled: false, appium:desired: {app: /Users/govind.fating/Deskto..., automationName: UIAutomator2, chromedriverExecutable: //Users//govind.fating//Dow..., deviceName: GovindPixel_9, platformName: ANDROID}, appium:deviceApiLevel: 35, appium:deviceManufacturer: Google, appium:deviceModel: sdk_gphone64_arm64, appium:deviceName: emulator-5554, appium:deviceScreenDensity: 420, appium:deviceScreenSize: 1080x2424, appium:deviceUDID: emulator-5554, appium:javascriptEnabled: true, appium:locationContextEnabled: false, appium:networkConnectionEnabled: true, appium:pixelRatio: 2.625, appium:platformVersion: 15, appium:statBarHeight: 137, appium:takesScreenshot: true, appium:viewportRect: {height: 2287, left: 0, top: 137, width: 1080}, appium:warnings: {}, appium:webStorageEnabled: false, platformName: ANDROID}&#10;Session ID: 98efd1a7-d966-401f-b90e-2a4a0f888050"/>
  </testcase>
</testsuite>